00000000000i[      ] Bochs x86 Emulator 2.6.11
00000000000i[      ]   Built from SVN snapshot on January 5, 2020
00000000000i[      ]   Timestamp: Sun Jan  5 08:36:00 CET 2020
00000000000i[      ] System configuration
00000000000i[      ]   processors: 1 (cores=1, HT threads=1)
00000000000i[      ]   A20 line support: yes
00000000000i[      ] IPS is set to 4000000
00000000000i[      ] CPU configuration
00000000000i[      ]   SMP support: no
00000000000i[      ]   level: 6
00000000000i[      ]   APIC support: xapic
00000000000i[      ]   FPU support: yes
00000000000i[      ]   MMX support: yes
00000000000i[      ]   3dnow! support: no
00000000000i[      ]   SEP support: yes
00000000000i[      ]   SIMD support: sse2
00000000000i[      ]   XSAVE support: no 
00000000000i[      ]   AES support: no
00000000000i[      ]   SHA support: no
00000000000i[      ]   MOVBE support: no
00000000000i[      ]   ADX support: no
00000000000i[      ]   x86-64 support: yes
00000000000i[      ]   1G paging support: no
00000000000i[      ]   MWAIT support: yes
00000000000i[      ]   VMX support: 1
00000000000i[      ] Optimization configuration
00000000000i[      ]   RepeatSpeedups support: no
00000000000i[      ]   Fast function calls: no
00000000000i[      ]   Handlers Chaining speedups: no
00000000000i[      ] Devices configuration
00000000000i[      ]   PCI support: i440FX i430FX i440BX
00000000000i[      ]   Networking: no
00000000000i[      ]   Sound support: SB16
00000000000i[      ]   USB support: no
00000000000i[      ]   VGA extension support: vbe
00000000000i[MEM0  ] allocated memory at 0x7f12ab231010. after alignment, vector=0x7f12ab232000
00000000000i[MEM0  ] 30.00MB
00000000000i[MEM0  ] mem block size = 0x00020000, blocks=240
00000000000i[MEM0  ] rom at 0xfffe0000/131072 ('/usr/local/share/bochs/BIOS-bochs-latest')
00000000000i[WAVOUT] ALSA: opened default PCM output device
00000000000i[WAVOUT] changed sample rate to 44101
00000000000i[PLUGIN] init_dev of 'pci' plugin device by virtual method
00000000000i[DEV   ] i440FX PMC present at device 0, function 0
00000000000i[PLUGIN] init_dev of 'pci2isa' plugin device by virtual method
00000000000i[DEV   ] PIIX3 PCI-to-ISA bridge present at device 1, function 0
00000000000i[PLUGIN] init_dev of 'cmos' plugin device by virtual method
00000000000i[CMOS  ] Using local time for initial clock
00000000000i[CMOS  ] Setting initial clock to: Sat Jul  3 16:23:50 2021 (time0=1625347430)
00000000000i[PLUGIN] init_dev of 'dma' plugin device by virtual method
00000000000i[DMA   ] channel 4 used by cascade
00000000000i[PLUGIN] init_dev of 'pic' plugin device by virtual method
00000000000i[PLUGIN] init_dev of 'pit' plugin device by virtual method
00000000000i[PLUGIN] init_dev of 'vga' plugin device by virtual method
00000000000i[MEM0  ] Register memory access handlers: 0x0000000a0000 - 0x0000000bffff
00000000000i[VGA   ] interval=200000, mode=realtime
00000000000i[VGA   ] VSYNC using standard mode
00000000000i[MEM0  ] Register memory access handlers: 0x0000e0000000 - 0x0000e0ffffff
00000000000i[BXVGA ] VBE Bochs Display Extension Enabled
00000000000i[MEM0  ] rom at 0xc0000/41984 ('/usr/local/share/bochs/VGABIOS-lgpl-latest')
00000000000i[PLUGIN] init_dev of 'floppy' plugin device by virtual method
00000000000i[DMA   ] channel 2 used by Floppy Drive
00000000000i[FLOPPY] Using boot sequence cdrom, none, none
00000000000i[FLOPPY] Floppy boot signature check is enabled
00000000000i[PLUGIN] init_dev of 'acpi' plugin device by virtual method
00000000000i[DEV   ] ACPI Controller present at device 1, function 3
00000000000i[PLUGIN] init_dev of 'hpet' plugin device by virtual method
00000000000i[HPET  ] initializing HPET
00000000000i[MEM0  ] Register memory access handlers: 0x0000fed00000 - 0x0000fed003ff
00000000000i[PLUGIN] init_dev of 'ioapic' plugin device by virtual method
00000000000i[IOAPIC] initializing I/O APIC
00000000000i[MEM0  ] Register memory access handlers: 0x0000fec00000 - 0x0000fec00fff
00000000000i[IOAPIC] IOAPIC enabled (base address = 0xfec00000)
00000000000i[PLUGIN] init_dev of 'keyboard' plugin device by virtual method
00000000000i[KBD   ] will paste characters every 400 keyboard ticks
00000000000i[PLUGIN] init_dev of 'harddrv' plugin device by virtual method
00000000000i[HD    ] CD on ata0-0: './rOS.iso'
00000000000i[CD1   ] load cdrom with path='./rOS.iso'
00000000000i[CD1   ] Opening image file as a cd.
00000000000i[HD    ] Media present in CD-ROM drive
00000000000i[HD    ] Capacity is 5648 sectors (11.03 MB)
00000000000i[PLUGIN] init_dev of 'pci_ide' plugin device by virtual method
00000000000i[DEV   ] PIIX3 PCI IDE controller present at device 1, function 1
00000000000i[PLUGIN] init_dev of 'unmapped' plugin device by virtual method
00000000000i[PLUGIN] init_dev of 'biosdev' plugin device by virtual method
00000000000i[PLUGIN] init_dev of 'speaker' plugin device by virtual method
00000000000i[PCSPK ] Using lowlevel sound support for output
00000000000i[PLUGIN] init_dev of 'extfpuirq' plugin device by virtual method
00000000000i[PLUGIN] init_dev of 'parallel' plugin device by virtual method
00000000000i[PAR   ] parallel port 1 at 0x0378 irq 7
00000000000i[PLUGIN] init_dev of 'serial' plugin device by virtual method
00000000000i[SER   ] com1 at 0x03f8 irq 4 (mode: null)
00000000000i[PLUGIN] init_dev of 'gameport' plugin device by virtual method
00000000000i[PLUGIN] init_dev of 'iodebug' plugin device by virtual method
00000000000i[PLUGIN] register state of 'pci' plugin device by virtual method
00000000000i[PLUGIN] register state of 'pci2isa' plugin device by virtual method
00000000000i[PLUGIN] register state of 'cmos' plugin device by virtual method
00000000000i[PLUGIN] register state of 'dma' plugin device by virtual method
00000000000i[PLUGIN] register state of 'pic' plugin device by virtual method
00000000000i[PLUGIN] register state of 'pit' plugin device by virtual method
00000000000i[PLUGIN] register state of 'vga' plugin device by virtual method
00000000000i[PLUGIN] register state of 'floppy' plugin device by virtual method
00000000000i[PLUGIN] register state of 'unmapped' plugin device by virtual method
00000000000i[PLUGIN] register state of 'biosdev' plugin device by virtual method
00000000000i[PLUGIN] register state of 'speaker' plugin device by virtual method
00000000000i[PLUGIN] register state of 'extfpuirq' plugin device by virtual method
00000000000i[PLUGIN] register state of 'parallel' plugin device by virtual method
00000000000i[PLUGIN] register state of 'serial' plugin device by virtual method
00000000000i[PLUGIN] register state of 'gameport' plugin device by virtual method
00000000000i[PLUGIN] register state of 'iodebug' plugin device by virtual method
00000000000i[PLUGIN] register state of 'acpi' plugin device by virtual method
00000000000i[PLUGIN] register state of 'hpet' plugin device by virtual method
00000000000i[PLUGIN] register state of 'ioapic' plugin device by virtual method
00000000000i[PLUGIN] register state of 'keyboard' plugin device by virtual method
00000000000i[PLUGIN] register state of 'harddrv' plugin device by virtual method
00000000000i[PLUGIN] register state of 'pci_ide' plugin device by virtual method
00000000000i[SYS   ] bx_pc_system_c::Reset(HARDWARE) called
00000000000i[CPU0  ] cpu hardware reset
00000000000i[APIC0 ] allocate APIC id=0 (MMIO enabled) to 0x0000fee00000
00000000000i[CPU0  ] CPUID[0x00000000]: 00000005 756e6547 6c65746e 49656e69
00000000000i[CPU0  ] CPUID[0x00000001]: 00000633 00010800 00002028 1fcbfbff
00000000000i[CPU0  ] CPUID[0x00000002]: 00410601 00000000 00000000 00000000
00000000000i[CPU0  ] CPUID[0x00000003]: 00000000 00000000 00000000 00000000
00000000000i[CPU0  ] CPUID[0x00000004]: 00000000 00000000 00000000 00000000
00000000000i[CPU0  ] CPUID[0x00000005]: 00000040 00000040 00000003 00000020
00000000000i[CPU0  ] CPUID[0x80000000]: 80000008 00000000 00000000 00000000
00000000000i[CPU0  ] CPUID[0x80000001]: 00000000 00000000 00000101 2a100000
00000000000i[CPU0  ] CPUID[0x80000002]: 20202020 20202020 20202020 6e492020
00000000000i[CPU0  ] CPUID[0x80000003]: 286c6574 50202952 69746e65 52286d75
00000000000i[CPU0  ] CPUID[0x80000004]: 20342029 20555043 20202020 00202020
00000000000i[CPU0  ] CPUID[0x80000005]: 01ff01ff 01ff01ff 40020140 40020140
00000000000i[CPU0  ] CPUID[0x80000006]: 00000000 42004200 02008140 00000000
00000000000i[CPU0  ] CPUID[0x80000007]: 00000000 00000000 00000000 00000000
00000000000i[CPU0  ] CPUID[0x80000008]: 00003028 00000000 00000000 00000000
00000000000i[CPU0  ] CPU Features supported:
00000000000i[CPU0  ] 		x87
00000000000i[CPU0  ] 		486ni
00000000000i[CPU0  ] 		pentium_ni
00000000000i[CPU0  ] 		p6ni
00000000000i[CPU0  ] 		mmx
00000000000i[CPU0  ] 		debugext
00000000000i[CPU0  ] 		vme
00000000000i[CPU0  ] 		pse
00000000000i[CPU0  ] 		pae
00000000000i[CPU0  ] 		pge
00000000000i[CPU0  ] 		pse36
00000000000i[CPU0  ] 		mtrr
00000000000i[CPU0  ] 		pat
00000000000i[CPU0  ] 		sysenter_sysexit
00000000000i[CPU0  ] 		clflush
00000000000i[CPU0  ] 		sse
00000000000i[CPU0  ] 		sse2
00000000000i[CPU0  ] 		mwait
00000000000i[CPU0  ] 		vmx
00000000000i[CPU0  ] 		longmode
00000000000i[CPU0  ] 		lm_lahf_sahf
00000000000i[CPU0  ] 		nx
00000000000i[CPU0  ] 		cmpxhg16b
00000000000i[CPU0  ] 		rdtscp
00000000000i[CPU0  ] 		ffxsr
00000000000i[CPU0  ] 		xapic
00000000000i[PLUGIN] reset of 'pci' plugin device by virtual method
00000000000i[PLUGIN] reset of 'pci2isa' plugin device by virtual method
00000000000i[PLUGIN] reset of 'cmos' plugin device by virtual method
00000000000i[PLUGIN] reset of 'dma' plugin device by virtual method
00000000000i[PLUGIN] reset of 'pic' plugin device by virtual method
00000000000i[PLUGIN] reset of 'pit' plugin device by virtual method
00000000000i[PLUGIN] reset of 'vga' plugin device by virtual method
00000000000i[PLUGIN] reset of 'floppy' plugin device by virtual method
00000000000i[PLUGIN] reset of 'acpi' plugin device by virtual method
00000000000i[PLUGIN] reset of 'hpet' plugin device by virtual method
00000000000i[PLUGIN] reset of 'ioapic' plugin device by virtual method
00000000000i[PLUGIN] reset of 'keyboard' plugin device by virtual method
00000000000i[PLUGIN] reset of 'harddrv' plugin device by virtual method
00000000000i[PLUGIN] reset of 'pci_ide' plugin device by virtual method
00000000000i[PLUGIN] reset of 'unmapped' plugin device by virtual method
00000000000i[PLUGIN] reset of 'biosdev' plugin device by virtual method
00000000000i[PLUGIN] reset of 'speaker' plugin device by virtual method
00000000000i[PLUGIN] reset of 'extfpuirq' plugin device by virtual method
00000000000i[PLUGIN] reset of 'parallel' plugin device by virtual method
00000000000i[PLUGIN] reset of 'serial' plugin device by virtual method
00000000000i[PLUGIN] reset of 'gameport' plugin device by virtual method
00000000000i[PLUGIN] reset of 'iodebug' plugin device by virtual method
00000004662i[BIOS  ] $Revision: 13752 $ $Date: 2019-12-30 14:16:18 +0100 (Mon, 30 Dec 2019) $
00000318050i[KBD   ] reset-disable command received
00000320827i[BIOS  ] Starting rombios32
00000321265i[BIOS  ] Shutdown flag 0
00000321855i[BIOS  ] ram_size=0x01e00000
00000322277i[BIOS  ] ram_end=30MB
00000362837i[BIOS  ] Found 1 cpu(s)
00000376489i[BIOS  ] bios_table_addr: 0x000f9db8 end=0x000fcc00
00000704310i[PCI   ] i440FX PMC write to PAM register 59 (TLB Flush)
00001032240i[P2ISA ] PCI IRQ routing: PIRQA# set to 0x0b
00001032259i[P2ISA ] PCI IRQ routing: PIRQB# set to 0x09
00001032278i[P2ISA ] PCI IRQ routing: PIRQC# set to 0x0b
00001032297i[P2ISA ] PCI IRQ routing: PIRQD# set to 0x09
00001032307i[P2ISA ] write: ELCR2 = 0x0a
00001033077i[BIOS  ] PIIX3/PIIX4 init: elcr=00 0a
00001046701i[BIOS  ] PCI: bus=0 devfn=0x00: vendor_id=0x8086 device_id=0x1237 class=0x0600
00001049014i[BIOS  ] PCI: bus=0 devfn=0x08: vendor_id=0x8086 device_id=0x7000 class=0x0601
00001051166i[BIOS  ] PCI: bus=0 devfn=0x09: vendor_id=0x8086 device_id=0x7010 class=0x0101
00001051401i[PIDE  ] BAR #4: i/o base address = 0xc000
00001052017i[BIOS  ] region 4: 0x0000c000
00001054082i[BIOS  ] PCI: bus=0 devfn=0x0b: vendor_id=0x8086 device_id=0x7113 class=0x0680
00001054326i[ACPI  ] new IRQ line = 11
00001054340i[ACPI  ] new IRQ line = 9
00001054367i[ACPI  ] new PM base address: 0xb000
00001054381i[ACPI  ] new SM base address: 0xb100
00001054409i[PCI   ] setting SMRAM control register to 0x4a
00001218502i[CPU0  ] Enter to System Management Mode
00001218502i[CPU0  ] enter_system_management_mode: temporary disable VMX while in SMM mode
00001218512i[CPU0  ] RSM: Resuming from System Management Mode
00001382533i[PCI   ] setting SMRAM control register to 0x0a
00001409207i[BIOS  ] MP table addr=0x000f9e90 MPC table addr=0x000f9dc0 size=0xc8
00001411078i[BIOS  ] SMBIOS table addr=0x000f9ea0
00001413264i[BIOS  ] ACPI tables: RSDP addr=0x000f9fd0 ACPI DATA addr=0x01df0000 size=0xff8
00001416511i[BIOS  ] Firmware waking vector 0x1df00cc
00001418991i[PCI   ] i440FX PMC write to PAM register 59 (TLB Flush)
00001419714i[BIOS  ] bios_table_cur_addr: 0x000f9ff4
00001548585i[VBIOS ] VGABios $Id: vgabios.c 226 2020-01-02 21:36:23Z vruppert $
00001548656i[BXVGA ] VBE known Display Interface b0c0
00001548688i[BXVGA ] VBE known Display Interface b0c5
00001551331i[VBIOS ] VBE Bios $Id: vbe.c 228 2020-01-02 23:09:02Z vruppert $
00005337775i[BIOS  ] IDE time out
00017890751i[BIOS  ] Booting from 07c0:0000
00138831278i[SER   ] com1: FIFO enabled
02441376000i[KBD   ] internal keyboard buffer full, ignoring scancode.(b8)
02489004000i[KBD   ] internal keyboard buffer full, ignoring scancode.(1d)
02494744000i[KBD   ] internal keyboard buffer full, ignoring scancode.(38)
02507000000i[KBD   ] internal keyboard buffer full, ignoring scancode.(b8)
02507192000i[KBD   ] internal keyboard buffer full, ignoring scancode.(9d)
02570732000i[KBD   ] internal keyboard buffer full, ignoring scancode.(1d)
02577536000i[KBD   ] internal keyboard buffer full, ignoring scancode.(38)
02588100000i[KBD   ] internal keyboard buffer full, ignoring scancode.(9d)
02591072000i[KBD   ] internal keyboard buffer full, ignoring scancode.(b8)
02759352000i[KBD   ] internal keyboard buffer full, ignoring scancode.(1c)
02765212000i[KBD   ] internal keyboard buffer full, ignoring scancode.(9c)
02827108000i[KBD   ] internal keyboard buffer full, ignoring scancode.(1c)
02846788000i[KBD   ] internal keyboard buffer full, ignoring scancode.(9c)
02894364000i[KBD   ] internal keyboard buffer full, ignoring scancode.(1c)
02898444000i[KBD   ] internal keyboard buffer full, ignoring scancode.(9c)
02933476000i[KBD   ] internal keyboard buffer full, ignoring scancode.(1c)
02936164000i[KBD   ] internal keyboard buffer full, ignoring scancode.(9c)
03014964000i[KBD   ] internal keyboard buffer full, ignoring scancode.(01)
03023184000i[KBD   ] internal keyboard buffer full, ignoring scancode.(81)
03074456000i[KBD   ] internal keyboard buffer full, ignoring scancode.(01)
03087408000i[KBD   ] internal keyboard buffer full, ignoring scancode.(81)
03097092000i[KBD   ] internal keyboard buffer full, ignoring scancode.(01)
03106760000i[KBD   ] internal keyboard buffer full, ignoring scancode.(81)
03113404000i[KBD   ] internal keyboard buffer full, ignoring scancode.(01)
03120984000i[KBD   ] internal keyboard buffer full, ignoring scancode.(81)
03127324000i[KBD   ] internal keyboard buffer full, ignoring scancode.(01)
03133708000i[KBD   ] internal keyboard buffer full, ignoring scancode.(81)
03398892000i[KBD   ] internal keyboard buffer full, ignoring scancode.(1d)
03405740000i[KBD   ] internal keyboard buffer full, ignoring scancode.(38)
03435460000i[KBD   ] internal keyboard buffer full, ignoring scancode.(b8)
03437640000i[KBD   ] internal keyboard buffer full, ignoring scancode.(9d)
03591624000i[KBD   ] internal keyboard buffer full, ignoring scancode.(1d)
03596340000i[KBD   ] internal keyboard buffer full, ignoring scancode.(e0)
03596340000i[KBD   ] internal keyboard buffer full, ignoring scancode.(5b)
03615892000i[KBD   ] internal keyboard buffer full, ignoring scancode.(e0)
03615892000i[KBD   ] internal keyboard buffer full, ignoring scancode.(db)
03616160000i[KBD   ] internal keyboard buffer full, ignoring scancode.(9d)
03873608000i[KBD   ] internal keyboard buffer full, ignoring scancode.(01)
03880820000i[KBD   ] internal keyboard buffer full, ignoring scancode.(81)
03894580000i[KBD   ] internal keyboard buffer full, ignoring scancode.(01)
03923332000i[KBD   ] internal keyboard buffer full, ignoring scancode.(01)
03924980000i[KBD   ] internal keyboard buffer full, ignoring scancode.(01)
03926576000i[KBD   ] internal keyboard buffer full, ignoring scancode.(01)
03928024000i[KBD   ] internal keyboard buffer full, ignoring scancode.(01)
03929524000i[KBD   ] internal keyboard buffer full, ignoring scancode.(01)
03930956000i[KBD   ] internal keyboard buffer full, ignoring scancode.(01)
03932412000i[KBD   ] internal keyboard buffer full, ignoring scancode.(01)
03934092000i[KBD   ] internal keyboard buffer full, ignoring scancode.(01)
03935688000i[KBD   ] internal keyboard buffer full, ignoring scancode.(01)
03937248000i[KBD   ] internal keyboard buffer full, ignoring scancode.(01)
03938664000i[KBD   ] internal keyboard buffer full, ignoring scancode.(01)
03940168000i[KBD   ] internal keyboard buffer full, ignoring scancode.(01)
03941656000i[KBD   ] internal keyboard buffer full, ignoring scancode.(01)
03943224000i[KBD   ] internal keyboard buffer full, ignoring scancode.(01)
03944848000i[KBD   ] internal keyboard buffer full, ignoring scancode.(01)
03946464000i[KBD   ] internal keyboard buffer full, ignoring scancode.(01)
03947308000i[KBD   ] internal keyboard buffer full, ignoring scancode.(81)
04034292000i[KBD   ] internal keyboard buffer full, ignoring scancode.(e0)
04034292000i[KBD   ] internal keyboard buffer full, ignoring scancode.(53)
04038532000i[KBD   ] internal keyboard buffer full, ignoring scancode.(e0)
04038532000i[KBD   ] internal keyboard buffer full, ignoring scancode.(d3)
04042124000i[KBD   ] internal keyboard buffer full, ignoring scancode.(e0)
04042124000i[KBD   ] internal keyboard buffer full, ignoring scancode.(53)
04046800000i[KBD   ] internal keyboard buffer full, ignoring scancode.(e0)
04046800000i[KBD   ] internal keyboard buffer full, ignoring scancode.(d3)
04050876000i[KBD   ] internal keyboard buffer full, ignoring scancode.(e0)
04050876000i[KBD   ] internal keyboard buffer full, ignoring scancode.(53)
04055788000i[KBD   ] internal keyboard buffer full, ignoring scancode.(e0)
04055788000i[KBD   ] internal keyboard buffer full, ignoring scancode.(d3)
04059100000i[KBD   ] internal keyboard buffer full, ignoring scancode.(e0)
04059100000i[KBD   ] internal keyboard buffer full, ignoring scancode.(53)
04064152000i[KBD   ] internal keyboard buffer full, ignoring scancode.(e0)
04064152000i[KBD   ] internal keyboard buffer full, ignoring scancode.(d3)
04113400000i[KBD   ] internal keyboard buffer full, ignoring scancode.(58)
04129960000i[KBD   ] internal keyboard buffer full, ignoring scancode.(d8)
04141148000i[KBD   ] internal keyboard buffer full, ignoring scancode.(57)
04150508000i[KBD   ] internal keyboard buffer full, ignoring scancode.(d7)
04156368000i[KBD   ] internal keyboard buffer full, ignoring scancode.(44)
04160648000i[KBD   ] internal keyboard buffer full, ignoring scancode.(c4)
04165944000i[KBD   ] internal keyboard buffer full, ignoring scancode.(43)
04171076000i[KBD   ] internal keyboard buffer full, ignoring scancode.(c3)
04174256000i[KBD   ] internal keyboard buffer full, ignoring scancode.(43)
04179864000i[KBD   ] internal keyboard buffer full, ignoring scancode.(c3)
04195340000i[KBD   ] internal keyboard buffer full, ignoring scancode.(42)
04200936000i[KBD   ] internal keyboard buffer full, ignoring scancode.(c2)
04209296000i[KBD   ] internal keyboard buffer full, ignoring scancode.(41)
04212616000i[KBD   ] internal keyboard buffer full, ignoring scancode.(c1)
04217416000i[KBD   ] internal keyboard buffer full, ignoring scancode.(40)
04221316000i[KBD   ] internal keyboard buffer full, ignoring scancode.(c0)
04227448000i[KBD   ] internal keyboard buffer full, ignoring scancode.(3f)
04231112000i[KBD   ] internal keyboard buffer full, ignoring scancode.(bf)
04241616000i[KBD   ] internal keyboard buffer full, ignoring scancode.(3d)
04243020000i[KBD   ] internal keyboard buffer full, ignoring scancode.(bd)
04447956000i[KBD   ] internal keyboard buffer full, ignoring scancode.(1d)
04456072000i[KBD   ] internal keyboard buffer full, ignoring scancode.(38)
04492620000i[KBD   ] internal keyboard buffer full, ignoring scancode.(b8)
04495932000i[KBD   ] internal keyboard buffer full, ignoring scancode.(9d)
05628728000i[KBD   ] internal keyboard buffer full, ignoring scancode.(3b)
05639520000i[KBD   ] internal keyboard buffer full, ignoring scancode.(bb)
05668172000i[KBD   ] internal keyboard buffer full, ignoring scancode.(3b)
05678756000i[KBD   ] internal keyboard buffer full, ignoring scancode.(bb)
05728960000i[KBD   ] internal keyboard buffer full, ignoring scancode.(38)
05764900000i[KBD   ] internal keyboard buffer full, ignoring scancode.(b8)
05790672000i[KBD   ] internal keyboard buffer full, ignoring scancode.(2a)
05804204000i[KBD   ] internal keyboard buffer full, ignoring scancode.(38)
05836476000i[KBD   ] internal keyboard buffer full, ignoring scancode.(b8)
05838564000i[KBD   ] internal keyboard buffer full, ignoring scancode.(aa)
06767380000i[KBD   ] internal keyboard buffer full, ignoring scancode.(1d)
06774260000i[KBD   ] internal keyboard buffer full, ignoring scancode.(38)
06789436000i[KBD   ] internal keyboard buffer full, ignoring scancode.(22)
06804408000i[KBD   ] internal keyboard buffer full, ignoring scancode.(b8)
06804640000i[KBD   ] internal keyboard buffer full, ignoring scancode.(a2)
06832952000i[KBD   ] internal keyboard buffer full, ignoring scancode.(38)
06867056000i[KBD   ] internal keyboard buffer full, ignoring scancode.(12)
06877664000i[KBD   ] internal keyboard buffer full, ignoring scancode.(92)
06880328000i[KBD   ] internal keyboard buffer full, ignoring scancode.(b8)
06886504000i[KBD   ] internal keyboard buffer full, ignoring scancode.(9d)
06926292000i[KBD   ] internal keyboard buffer full, ignoring scancode.(01)
06928696000i[KBD   ] internal keyboard buffer full, ignoring scancode.(81)
06934616000i[KBD   ] internal keyboard buffer full, ignoring scancode.(01)
06939440000i[KBD   ] internal keyboard buffer full, ignoring scancode.(81)
06945756000i[KBD   ] internal keyboard buffer full, ignoring scancode.(01)
06948508000i[KBD   ] internal keyboard buffer full, ignoring scancode.(81)
06952616000i[KBD   ] internal keyboard buffer full, ignoring scancode.(01)
06957736000i[KBD   ] internal keyboard buffer full, ignoring scancode.(81)
06962120000i[KBD   ] internal keyboard buffer full, ignoring scancode.(01)
06966548000i[KBD   ] internal keyboard buffer full, ignoring scancode.(81)
06970488000i[KBD   ] internal keyboard buffer full, ignoring scancode.(01)
06976200000i[KBD   ] internal keyboard buffer full, ignoring scancode.(81)
06982216000i[KBD   ] internal keyboard buffer full, ignoring scancode.(01)
06988104000i[KBD   ] internal keyboard buffer full, ignoring scancode.(81)
08197540000i[KBD   ] internal keyboard buffer full, ignoring scancode.(58)
08208328000i[KBD   ] internal keyboard buffer full, ignoring scancode.(d8)
08256476000i[KBD   ] internal keyboard buffer full, ignoring scancode.(58)
08266224000i[KBD   ] internal keyboard buffer full, ignoring scancode.(d8)
08321372000i[KBD   ] internal keyboard buffer full, ignoring scancode.(58)
08327756000i[KBD   ] internal keyboard buffer full, ignoring scancode.(d8)
08333700000i[KBD   ] internal keyboard buffer full, ignoring scancode.(58)
08338372000i[KBD   ] internal keyboard buffer full, ignoring scancode.(d8)
08344224000i[KBD   ] internal keyboard buffer full, ignoring scancode.(58)
08349236000i[KBD   ] internal keyboard buffer full, ignoring scancode.(d8)
08354628000i[KBD   ] internal keyboard buffer full, ignoring scancode.(58)
08360676000i[KBD   ] internal keyboard buffer full, ignoring scancode.(d8)
08367464000i[KBD   ] internal keyboard buffer full, ignoring scancode.(58)
08371428000i[KBD   ] internal keyboard buffer full, ignoring scancode.(d8)
08377444000i[KBD   ] internal keyboard buffer full, ignoring scancode.(58)
08383300000i[KBD   ] internal keyboard buffer full, ignoring scancode.(d8)
08390084000i[KBD   ] internal keyboard buffer full, ignoring scancode.(58)
08396976000i[KBD   ] internal keyboard buffer full, ignoring scancode.(d8)
09122740000i[KBD   ] internal keyboard buffer full, ignoring scancode.(1d)
09173608000i[KBD   ] internal keyboard buffer full, ignoring scancode.(44)
09183716000i[KBD   ] internal keyboard buffer full, ignoring scancode.(c4)
09210780000i[KBD   ] internal keyboard buffer full, ignoring scancode.(9d)
09336280000i[KBD   ] internal keyboard buffer full, ignoring scancode.(1d)
09425988000i[KBD   ] internal keyboard buffer full, ignoring scancode.(44)
09443712000i[KBD   ] internal keyboard buffer full, ignoring scancode.(c4)
09577680000i[KBD   ] internal keyboard buffer full, ignoring scancode.(9d)
09727228000i[KBD   ] internal keyboard buffer full, ignoring scancode.(1d)
09740632000i[KBD   ] internal keyboard buffer full, ignoring scancode.(38)
09797340000i[KBD   ] internal keyboard buffer full, ignoring scancode.(b8)
09800568000i[KBD   ] internal keyboard buffer full, ignoring scancode.(9d)
09807092000i[KBD   ] internal keyboard buffer full, ignoring scancode.(1d)
09815612000i[KBD   ] internal keyboard buffer full, ignoring scancode.(38)
09826220000i[KBD   ] internal keyboard buffer full, ignoring scancode.(b8)
09826716000i[KBD   ] internal keyboard buffer full, ignoring scancode.(9d)
09828364000i[KBD   ] internal keyboard buffer full, ignoring scancode.(1d)
09828964000i[KBD   ] internal keyboard buffer full, ignoring scancode.(38)
09834064000i[KBD   ] internal keyboard buffer full, ignoring scancode.(b8)
09834312000i[KBD   ] internal keyboard buffer full, ignoring scancode.(9d)
09837936000i[KBD   ] internal keyboard buffer full, ignoring scancode.(38)
09838332000i[KBD   ] internal keyboard buffer full, ignoring scancode.(1d)
09842604000i[KBD   ] internal keyboard buffer full, ignoring scancode.(b8)
09843108000i[KBD   ] internal keyboard buffer full, ignoring scancode.(9d)
09846748000i[KBD   ] internal keyboard buffer full, ignoring scancode.(38)
09847352000i[KBD   ] internal keyboard buffer full, ignoring scancode.(1d)
09850440000i[KBD   ] internal keyboard buffer full, ignoring scancode.(b8)
09850668000i[KBD   ] internal keyboard buffer full, ignoring scancode.(9d)
09855408000i[KBD   ] internal keyboard buffer full, ignoring scancode.(38)
09856008000i[KBD   ] internal keyboard buffer full, ignoring scancode.(1d)
09859164000i[KBD   ] internal keyboard buffer full, ignoring scancode.(b8)
09859384000i[KBD   ] internal keyboard buffer full, ignoring scancode.(9d)
09863304000i[KBD   ] internal keyboard buffer full, ignoring scancode.(1d)
09863876000i[KBD   ] internal keyboard buffer full, ignoring scancode.(38)
09867400000i[KBD   ] internal keyboard buffer full, ignoring scancode.(b8)
09867632000i[KBD   ] internal keyboard buffer full, ignoring scancode.(9d)
09872048000i[KBD   ] internal keyboard buffer full, ignoring scancode.(38)
09872852000i[KBD   ] internal keyboard buffer full, ignoring scancode.(1d)
09876640000i[KBD   ] internal keyboard buffer full, ignoring scancode.(b8)
09876880000i[KBD   ] internal keyboard buffer full, ignoring scancode.(9d)
09882196000i[KBD   ] internal keyboard buffer full, ignoring scancode.(1d)
09882780000i[KBD   ] internal keyboard buffer full, ignoring scancode.(38)
09884188000i[KBD   ] internal keyboard buffer full, ignoring scancode.(b8)
09884448000i[KBD   ] internal keyboard buffer full, ignoring scancode.(9d)
09896636000i[KBD   ] internal keyboard buffer full, ignoring scancode.(2a)
09896636000i[KBD   ] internal keyboard buffer full, ignoring scancode.(e0)
09896636000i[KBD   ] internal keyboard buffer full, ignoring scancode.(5b)
09896636000i[KBD   ] internal keyboard buffer full, ignoring scancode.(2a)
09897196000i[KBD   ] internal keyboard buffer full, ignoring scancode.(1d)
09898944000i[KBD   ] internal keyboard buffer full, ignoring scancode.(aa)
09899912000i[KBD   ] internal keyboard buffer full, ignoring scancode.(9d)
09900372000i[KBD   ] internal keyboard buffer full, ignoring scancode.(e0)
09900372000i[KBD   ] internal keyboard buffer full, ignoring scancode.(db)
09918124000i[KBD   ] internal keyboard buffer full, ignoring scancode.(38)
09919380000i[KBD   ] internal keyboard buffer full, ignoring scancode.(2a)
09919948000i[KBD   ] internal keyboard buffer full, ignoring scancode.(1d)
09921288000i[KBD   ] internal keyboard buffer full, ignoring scancode.(b8)
09921972000i[KBD   ] internal keyboard buffer full, ignoring scancode.(aa)
09922200000i[KBD   ] internal keyboard buffer full, ignoring scancode.(9d)
10280576000i[KBD   ] internal keyboard buffer full, ignoring scancode.(38)
