asm[I]: Bootstrap loaded
asm[I]: Reading multiboot tags
asm[I]: Reading LBA
asm[I]: Reading APM
asm[I]: Reading MOD
asm[I]: Reading Mmap
asm[I]: Reading BOOT DEVICE
asm[I]: Reading VBE
asm[I]: Reading Frame buffer
asm[I]: Reading ACPI
asm[I]: Finished reading tags
asm[I]: Loading GDT32
asm[I]: Loaded GDT32
asm[I]: Loading pml4e
asm[I]: Loaded pml4e
asm[I]: Set CR3
asm[I]: Set PAE
asm[I]: Set LME
asm[I]: Set CR0
asm[I]: Loading GDT64
asm[I]: Loaded GDT64
asm[I]: Entered long mode (x86_64/64 bit)
asm[I]: Loading kstack into rsp
asm[I]: Jumping to kmain
kmain[I][3..3]: Entered kmain
read_mstruct[I]: Reading mstruct values
read_mstruct[I]: Located at 0x10A204
===FBR===
Buffer: 0xFD000000
Pitch: 0xA00
Width: 0x280
Height: 0x1E0
Bpp: 0x20
Type: 0x1
===VBE===
Mode: 0xFFFF
Seg: 0x0
Off: 0x0
Len: 0x0
ESVB: 0x0
ESVM: 0x0
===MMP===
Entry size: 0x0
Entry version: 0x0
Entries: 0x0
===LBA===
Base: 0x10
===SMB===
Major: 0x0
Minor: 0x0
===EFI===
Pointer: 0x0
===APM===
Version: 0xF000
Flags: 0xFFF0
===NET===
Dhc: 0x0
=========
ld_idt[I]: Loading IDT
ld_idt[I]: IDT-Size: 0x10
ld_idt[I]: IDTP-Size: 0xA
ld_idt[I]: Filling IDT
ld_idt[I]: Filled IDT
ld_idt[I]: Loaded IDT
ld_paging[I]: Loading new pml4e
ld_paging[I]: Added page fault handler
ld_paging[I]: End 0x117040
ld_paging[I]: Mapped kernel
ld_paging[I]: Set CR3
mapUI[I]: Mapping UI
mapUI[I]: Mapped UI
createTask[I]: Creating task structure
createTask[I]: ui: 0x112820 mxt: 0x1E hooks: 0x0
createTask[I]: Created task
swapTask[I]: Switching task
initPit[I]: Loading PIT
initPit[I]: Added PIT handler
initPit[I]: Freq: 0x28 - Div: 0x7485 - L: 0x85 - H: 0x74
initPit[I]: Setup pit
readRamdisk[I]: Assuming ramdisk as first module
readRamdisk[I]: Ramdisk located at 0x12A000
readRamdisk[I]: Reading segments
[ID: 0xDE - Start: 0x0 - Size: 0x74]
[ID: 0xAF - Start: 0x74 - Size: 0x4655]
[ID: 0xCA - Start: 0x46C9 - Size: 0x14]
[75.î‚î69 - R--]
readACPI[I]: Reading ACPI
readACPI[I]: Address: 0x0
readACPI[I]: Signature: î‚î69
readACPI[I]: Checksum 0x0
readACPI[I]: OEM: 69
readACPI[I]: Revision: 0x0
readACPI[I]: Address: 0xEE000000
readACPI[I]: Done
====CPUID====
Vendor: AuthenticAMD
Processor type: OEM
CPU Features:
=============
pmallocInit[I]: Initilizing pmalloc
pmallocInit[I]: Memory spent per alloc 0x20
pmallocInit[I]: Allocating at 0x100000
pmallocInit[I]: Setup starting block
pmallocInit[I]: Finished initilizing pmalloc
pmalloc[I]: Alloc request size 0x1 flags 0x0
pmalloc[I]: Adding new block
kmain[I]: Alloc returned 0x100100
kmain[I]: Kernel idling
